<?xml version="1.0" encoding="UTF-8"?>
<!-- Generated by org.testng.reporters.JUnitXMLReporter -->
<testsuite hostname="Anamika" ignored="0" name="Default test" tests="3" failures="0" timestamp="06 Apr 2020 07:18:20 GMT" time="71.745" errors="0">
  <testcase name="registrationtest" time="10.019" classname="com.yo.qa.testcases.RegistrationPageTest"/>
  <testcase name="refreshfunction" time="8.323" classname="com.yo.qa.testcases.RegistrationPageTest"/>
  <testcase name="registrationPageTitleTest" time="0.023" classname="com.yo.qa.testcases.RegistrationPageTest"/>
</testsuite> <!-- Default test -->
